[debug] [2023-08-17T20:39:11.661Z] ----------------------------------------------------------------------
[debug] [2023-08-17T20:39:11.665Z] Command:       C:\Program Files\nodejs\node.exe C:\Users\DAVI-PC\AppData\Roaming\npm\node_modules\firebase-tools\lib\bin\firebase.js login
[debug] [2023-08-17T20:39:11.666Z] CLI Version:   12.4.8
[debug] [2023-08-17T20:39:11.666Z] Platform:      win32
[debug] [2023-08-17T20:39:11.666Z] Node Version:  v20.5.1
[debug] [2023-08-17T20:39:11.667Z] Time:          Thu Aug 17 2023 17:39:11 GMT-0300 (Horário Padrão de Brasília)
[debug] [2023-08-17T20:39:11.667Z] ----------------------------------------------------------------------
[debug] 
[info] i  Firebase optionally collects CLI and Emulator Suite usage and error reporting information to help improve our products. Data is collected in accordance with Google's privacy policy (https://policies.google.com/privacy) and is not used to identify you.
 
[info] 
[info] Visit this URL on this device to log in:
[info] https://accounts.google.com/o/oauth2/auth?client_id=563584335869-fgrhgmd47bqnekij5i8b5pr03ho849e6.apps.googleusercontent.com&scope=email%20openid%20https%3A%2F%2Fwww.googleapis.com%2Fauth%2Fcloudplatformprojects.readonly%20https%3A%2F%2Fwww.googleapis.com%2Fauth%2Ffirebase%20https%3A%2F%2Fwww.googleapis.com%2Fauth%2Fcloud-platform&response_type=code&state=983829549&redirect_uri=http%3A%2F%2Flocalhost%3A9005
[info] 
[info] Waiting for authentication...
[debug] [2023-08-17T20:39:14.622Z] Error: spawn cmd ENOENT
    at ChildProcess._handle.onexit (node:internal/child_process:286:19)
    at onErrorNT (node:internal/child_process:484:16)
    at process.processTicksAndRejections (node:internal/process/task_queues:82:21)
[error] 
[error] Error: An unexpected error has occurred.
